11/22/16, 11:07:48, 4, 0, P:\AOPIP2016\ReportCtaCte\Recibo.RPT:El servidor aún no ha sido abierto.
11/22/16, 11:15:38, 4, 0, P:\AOPIP2016\ReportCtaCte\Recibo.RPT:El servidor aún no ha sido abierto.
11/22/16, 11:16:03, 4, 0, P:\AOPIP2016\ReportCtaCte\Recibo.RPT:El servidor aún no ha sido abierto.
12/02/16, 16:00:18, 4, 0, P:\AOPIP2016\ReportCtaCte\EstadoCtaSinBanco.RPT:La DLL de base de datos ha detectado un error.
12/20/16, 10:19:43, 4, 0, P:\AOPIP2016\ReportCtaCte\EstadoCtaSinBanco.RPT:La DLL de base de datos ha detectado un error.
12/20/16, 10:30:34, 4, 0, P:\AOPIP2016\ReportCtaCte\EstadoCtaSinNada.RPT:La DLL de base de datos ha detectado un error.
12/20/16, 10:31:08, 4, 0, P:\AOPIP2016\ReportCtaCte\EstadoCtaSinNada.RPT:La DLL de base de datos ha detectado un error.
12/20/16, 10:32:09, 4, 0, P:\AOPIP2016\ReportCtaCte\EstadoCtaSinNada.RPT:La DLL de base de datos ha detectado un error.
12/20/16, 10:32:44, 4, 0, P:\AOPIP2016\ReportCtaCte\EstadoCtaSinNada.RPT:La DLL de base de datos ha detectado un error.
01/13/17, 11:56:16, 4, 0, :No se encontró el archivo.
01/13/17, 11:56:16, 4, 0, :No se encontró el archivo.
03/07/17, 14:07:24, 4, 0, P:\AOPIP2016\ReportCtaCte\ResumenSocios.RPT:Este nombre de campo es desconocido.
05/11/17, 12:53:03, 4, 0, :No se encontró el archivo.
05/11/17, 12:53:03, 4, 0, :No se encontró el archivo.
05/11/17, 12:54:16, 4, 0, :No se encontró el archivo.
05/11/17, 12:54:16, 4, 0, :No se encontró el archivo.
11/29/17, 09:46:49, 4, 0, P:\AOPIP2016\ReportCtaCte\EstadoCtaMasivo.RPT:Server has not yet been opened.
12/05/17, 18:22:44, 4, 0, P:\AOPIP2016\ReportCtaCte\EstadoCtaMasivo.RPT:Server has not yet been opened.
12/05/17, 18:23:41, 4, 0, P:\AOPIP2016\ReportCtaCte\EstadoCtaMasivo.RPT:Server has not yet been opened.
12/05/17, 18:25:15, 4, 0, P:\AOPIP2016\ReportCtaCte\EstadoCtaMasivo.RPT:Server has not yet been opened.
12/05/17, 18:26:52, 4, 0, P:\AOPIP2016\ReportCtaCte\EstadoCtaMasivo.RPT:Server has not yet been opened.
12/14/17, 18:51:11, 4, 0, P:\AOPIP2016\ReportCtaCte\EstadoCtaMasivo.RPT:Server has not yet been opened.
12/14/17, 18:52:45, 4, 0, P:\AOPIP2016\ReportCtaCte\EstadoCtaMasivo.RPT:Server has not yet been opened.
12/14/17, 18:57:54, 4, 0, P:\AOPIP2016\ReportCtaCte\EstadoCtaMasivo.RPT:Server has not yet been opened.
02/01/18, 18:18:58, 4, 0, P:\AOPIP2016\ReportCtaCte\CobxFec.RPT:Error 0x7B53
04/12/18, 09:16:39, 4, 0, P:\AOPIP2016\ReportCtaCte\EstadoCtaMasivo.RPT:Error detected by database DLL.
04/20/18, 10:10:25, 4, 0, :Directorio no válido.
04/20/18, 10:10:25, 4, 0, :Directorio no válido.
03/10/2018, 02:26:34 p.m., 4, 0, P:\AOPIP2016\ReportCtaCte\EstadoCtaMasivo.RPT:Error 0x3982
03/10/2018, 02:27:35 p.m., 4, 0, P:\AOPIP2016\ReportCtaCte\EstadoCtaMasivo.RPT:Error 0x3982
03/05/19, 14:13:50, 4, 0, :Invalid directory.
03/05/19, 14:13:50, 4, 0, :Invalid directory.
03/05/19, 14:14:32, 4, 0, :Invalid directory.
03/05/19, 14:14:32, 4, 0, :Invalid directory.
03/05/19, 14:16:00, 4, 0, :Invalid directory.
03/05/19, 14:16:00, 4, 0, :Invalid directory.
03/05/19, 14:18:28, 4, 0, :Invalid directory.
03/05/19, 14:18:28, 4, 0, :Invalid directory.
03/05/19, 14:19:12, 4, 0, :Invalid directory.
03/05/19, 14:19:12, 4, 0, :Invalid directory.
03/05/19, 14:22:29, 4, 0, :Invalid directory.
03/05/19, 14:22:29, 4, 0, :Invalid directory.
03/05/19, 14:23:56, 4, 0, :Invalid directory.
03/05/19, 14:23:56, 4, 0, :Invalid directory.
03/05/19, 15:47:16, 4, 0, :Invalid directory.
03/05/19, 15:47:16, 4, 0, :Invalid directory.
03/05/19, 17:13:12, 4, 0, :Invalid directory.
03/05/19, 17:13:12, 4, 0, :Invalid directory.
03/05/19, 17:47:48, 4, 0, :Invalid directory.
03/05/19, 17:47:48, 4, 0, :Invalid directory.
03/05/19, 17:54:41, 4, 0, :Invalid directory.
03/05/19, 17:54:41, 4, 0, :Invalid directory.
03/06/19, 11:11:14, 4, 0, :Invalid directory.
03/06/19, 11:11:14, 4, 0, :Invalid directory.
03/06/19, 11:14:09, 4, 0, :Invalid directory.
03/06/19, 11:14:09, 4, 0, :Invalid directory.
03/06/19, 13:15:39, 4, 0, :Invalid directory.
03/06/19, 13:15:39, 4, 0, :Invalid directory.
03/08/19, 13:50:55, 4, 0, :Invalid directory.
03/08/19, 13:50:55, 4, 0, :Invalid directory.
03/12/19, 13:17:21, 4, 0, :Invalid directory.
03/12/19, 13:17:21, 4, 0, :Invalid directory.
03/12/19, 14:02:31, 4, 0, :Invalid directory.
03/12/19, 14:02:31, 4, 0, :Invalid directory.
03/12/19, 14:13:03, 4, 0, :Invalid directory.
03/12/19, 14:13:03, 4, 0, :Invalid directory.
03/12/19, 14:29:16, 4, 0, :Invalid directory.
03/12/19, 14:29:16, 4, 0, :Invalid directory.
03/12/19, 14:35:47, 4, 0, :Invalid directory.
03/12/19, 14:35:47, 4, 0, :Invalid directory.
03/12/19, 15:16:17, 4, 0, :Invalid directory.
03/12/19, 15:16:17, 4, 0, :Invalid directory.
03/12/19, 16:45:59, 4, 0, :Invalid directory.
03/12/19, 16:45:59, 4, 0, :Invalid directory.
03/13/19, 12:11:28, 4, 0, :Invalid directory.
03/13/19, 12:11:28, 4, 0, :Invalid directory.
03/13/19, 14:20:49, 4, 0, :Invalid directory.
03/13/19, 14:20:49, 4, 0, :Invalid directory.
03/13/19, 14:24:14, 4, 0, :Invalid directory.
03/13/19, 14:24:14, 4, 0, :Invalid directory.
03/15/19, 12:18:09, 4, 0, :Invalid directory.
03/15/19, 12:18:09, 4, 0, :Invalid directory.
03/15/19, 13:27:26, 4, 0, :Invalid directory.
03/15/19, 13:27:26, 4, 0, :Invalid directory.
03/15/19, 13:34:10, 4, 0, :Invalid directory.
03/15/19, 13:34:10, 4, 0, :Invalid directory.
03/15/19, 13:53:46, 4, 0, :Invalid directory.
03/15/19, 13:53:46, 4, 0, :Invalid directory.
03/15/19, 13:58:48, 4, 0, :Invalid directory.
03/15/19, 13:58:48, 4, 0, :Invalid directory.
03/15/19, 14:02:03, 4, 0, :Invalid directory.
03/15/19, 14:02:03, 4, 0, :Invalid directory.
03/16/19, 11:11:35, 4, 0, :Invalid directory.
03/16/19, 11:11:35, 4, 0, :Invalid directory.
03/18/19, 10:59:32, 4, 0, :Invalid directory.
03/18/19, 10:59:32, 4, 0, :Invalid directory.
03/18/19, 11:42:57, 4, 0, :Invalid directory.
03/18/19, 11:42:57, 4, 0, :Invalid directory.
03/18/19, 16:25:02, 4, 0, :Invalid directory.
03/18/19, 16:25:02, 4, 0, :Invalid directory.
03/18/19, 16:31:34, 4, 0, :Invalid directory.
03/18/19, 16:31:34, 4, 0, :Invalid directory.
03/18/19, 16:38:48, 4, 0, :Invalid directory.
03/18/19, 16:38:48, 4, 0, :Invalid directory.
03/18/19, 16:55:10, 4, 0, :Directorio no válido.
03/18/19, 16:55:10, 4, 0, :Directorio no válido.
