Línea 432: la clase MSMask.MaskEdBox del control txtFecNac no era una clase de control cargada.
Línea 445: la clase MSMask.MaskEdBox del control txtFecMat no era una clase de control cargada.
Línea 458: la clase MSMask.MaskEdBox del control txtFecIng no era una clase de control cargada.
Línea 471: la clase MSMask.MaskEdBox del control txtFecRenu no era una clase de control cargada.
Línea 484: la clase MSMask.MaskEdBox del control txtFecReso no era una clase de control cargada.
Línea 497: la clase MSMask.MaskEdBox del control txtFecExclu no era una clase de control cargada.
Línea 510: la clase MSMask.MaskEdBox del control txtFecExpul no era una clase de control cargada.
Línea 523: la clase MSMask.MaskEdBox del control txtFecRein no era una clase de control cargada.
Línea 536: la clase Crystal.CrystalReport del control Crys2 no era una clase de control cargada.
Línea 551: la clase MSMask.MaskEdBox del control txtTope no era una clase de control cargada.
Línea 564: la clase MSMask.MaskEdBox del control txtFecVip no era una clase de control cargada.
Línea 438: el nombre de la propiedad _ExtentX de txtFecNac no es válido.
Línea 439: el nombre de la propiedad _ExtentY de txtFecNac no es válido.
Línea 440: el nombre de la propiedad _Version de txtFecNac no es válido.
Línea 441: el nombre de la propiedad MaxLength de txtFecNac no es válido.
Línea 442: el nombre de la propiedad Mask de txtFecNac no es válido.
Línea 443: el nombre de la propiedad PromptChar de txtFecNac no es válido.
Línea 451: el nombre de la propiedad _ExtentX de txtFecMat no es válido.
Línea 452: el nombre de la propiedad _ExtentY de txtFecMat no es válido.
Línea 453: el nombre de la propiedad _Version de txtFecMat no es válido.
Línea 454: el nombre de la propiedad MaxLength de txtFecMat no es válido.
Línea 455: el nombre de la propiedad Mask de txtFecMat no es válido.
Línea 456: el nombre de la propiedad PromptChar de txtFecMat no es válido.
Línea 464: el nombre de la propiedad _ExtentX de txtFecIng no es válido.
Línea 465: el nombre de la propiedad _ExtentY de txtFecIng no es válido.
Línea 466: el nombre de la propiedad _Version de txtFecIng no es válido.
Línea 467: el nombre de la propiedad MaxLength de txtFecIng no es válido.
Línea 468: el nombre de la propiedad Mask de txtFecIng no es válido.
Línea 469: el nombre de la propiedad PromptChar de txtFecIng no es válido.
Línea 477: el nombre de la propiedad _ExtentX de txtFecRenu no es válido.
Línea 478: el nombre de la propiedad _ExtentY de txtFecRenu no es válido.
Línea 479: el nombre de la propiedad _Version de txtFecRenu no es válido.
Línea 480: el nombre de la propiedad MaxLength de txtFecRenu no es válido.
Línea 481: el nombre de la propiedad Mask de txtFecRenu no es válido.
Línea 482: el nombre de la propiedad PromptChar de txtFecRenu no es válido.
Línea 490: el nombre de la propiedad _ExtentX de txtFecReso no es válido.
Línea 491: el nombre de la propiedad _ExtentY de txtFecReso no es válido.
Línea 492: el nombre de la propiedad _Version de txtFecReso no es válido.
Línea 493: el nombre de la propiedad MaxLength de txtFecReso no es válido.
Línea 494: el nombre de la propiedad Mask de txtFecReso no es válido.
Línea 495: el nombre de la propiedad PromptChar de txtFecReso no es válido.
Línea 503: el nombre de la propiedad _ExtentX de txtFecExclu no es válido.
Línea 504: el nombre de la propiedad _ExtentY de txtFecExclu no es válido.
Línea 505: el nombre de la propiedad _Version de txtFecExclu no es válido.
Línea 506: el nombre de la propiedad MaxLength de txtFecExclu no es válido.
Línea 507: el nombre de la propiedad Mask de txtFecExclu no es válido.
Línea 508: el nombre de la propiedad PromptChar de txtFecExclu no es válido.
Línea 516: el nombre de la propiedad _ExtentX de txtFecExpul no es válido.
Línea 517: el nombre de la propiedad _ExtentY de txtFecExpul no es válido.
Línea 518: el nombre de la propiedad _Version de txtFecExpul no es válido.
Línea 519: el nombre de la propiedad MaxLength de txtFecExpul no es válido.
Línea 520: el nombre de la propiedad Mask de txtFecExpul no es válido.
Línea 521: el nombre de la propiedad PromptChar de txtFecExpul no es válido.
Línea 529: el nombre de la propiedad _ExtentX de txtFecRein no es válido.
Línea 530: el nombre de la propiedad _ExtentY de txtFecRein no es válido.
Línea 531: el nombre de la propiedad _Version de txtFecRein no es válido.
Línea 532: el nombre de la propiedad MaxLength de txtFecRein no es válido.
Línea 533: el nombre de la propiedad Mask de txtFecRein no es válido.
Línea 534: el nombre de la propiedad PromptChar de txtFecRein no es válido.
Línea 539: el nombre de la propiedad _ExtentX de Crys2 no es válido.
Línea 540: el nombre de la propiedad _ExtentY de Crys2 no es válido.
Línea 541: el nombre de la propiedad _Version de Crys2 no es válido.
Línea 542: el nombre de la propiedad WindowTitle de Crys2 no es válido.
Línea 543: el nombre de la propiedad WindowControlBox de Crys2 no es válido.
Línea 544: el nombre de la propiedad WindowMaxButton de Crys2 no es válido.
Línea 545: el nombre de la propiedad WindowMinButton de Crys2 no es válido.
Línea 546: el nombre de la propiedad WindowState de Crys2 no es válido.
Línea 547: el nombre de la propiedad PrintFileLinesPerPage de Crys2 no es válido.
Línea 548: el nombre de la propiedad WindowShowCloseBtn de Crys2 no es válido.
Línea 549: el nombre de la propiedad WindowShowPrintSetupBtn de Crys2 no es válido.
Línea 557: el nombre de la propiedad _ExtentX de txtTope no es válido.
Línea 558: el nombre de la propiedad _ExtentY de txtTope no es válido.
Línea 559: el nombre de la propiedad _Version de txtTope no es válido.
Línea 560: el nombre de la propiedad MaxLength de txtTope no es válido.
Línea 561: el nombre de la propiedad Mask de txtTope no es válido.
Línea 562: el nombre de la propiedad PromptChar de txtTope no es válido.
Línea 570: el nombre de la propiedad _ExtentX de txtFecVip no es válido.
Línea 571: el nombre de la propiedad _ExtentY de txtFecVip no es válido.
Línea 572: el nombre de la propiedad _Version de txtFecVip no es válido.
Línea 574: el nombre de la propiedad MaxLength de txtFecVip no es válido.
Línea 575: el nombre de la propiedad Mask de txtFecVip no es válido.
Línea 576: el nombre de la propiedad PromptChar de txtFecVip no es válido.
